\BOOKMARK [1][-]{section.1}{Introduction}{}% 1
\BOOKMARK [2][-]{subsubsection.1.0.1}{twitter-archive-enhanced.csv}{section.1}% 2
\BOOKMARK [3][-]{subsubsection.1.0.2}{image-predictions.tsv}{subsubsection.1.0.1}% 3
\BOOKMARK [2][-]{subsection.1.1}{Data Assessing using Pandas}{section.1}% 4
\BOOKMARK [3][-]{subsubsection.1.1.1}{Findings}{subsection.1.1}% 5
\BOOKMARK [3][-]{subsubsection.1.1.2}{Tidiness issues}{subsection.1.1}% 6
\BOOKMARK [2][-]{subsection.1.2}{Cleaning Data}{section.1}% 7
\BOOKMARK [3][-]{subsubsection.1.2.1}{General Issue 01}{subsection.1.2}% 8
\BOOKMARK [3][-]{subsubsection.1.2.2}{Quality issue - 01}{subsection.1.2}% 9
\BOOKMARK [3][-]{subsubsection.1.2.3}{Quality issue - 02}{subsection.1.2}% 10
\BOOKMARK [3][-]{subsubsection.1.2.4}{Quality issue - 03}{subsection.1.2}% 11
\BOOKMARK [3][-]{subsubsection.1.2.5}{Quality issue - 04}{subsection.1.2}% 12
\BOOKMARK [3][-]{subsubsection.1.2.6}{Quality issue - 05}{subsection.1.2}% 13
\BOOKMARK [3][-]{subsubsection.1.2.7}{Quality issue - 06}{subsection.1.2}% 14
\BOOKMARK [3][-]{subsubsection.1.2.8}{Quality issue - 07}{subsection.1.2}% 15
\BOOKMARK [3][-]{subsubsection.1.2.9}{Quality issue - 08}{subsection.1.2}% 16
\BOOKMARK [3][-]{subsubsection.1.2.10}{Quality issue - 09}{subsection.1.2}% 17
\BOOKMARK [3][-]{subsubsection.1.2.11}{Quality issue - 10}{subsection.1.2}% 18
\BOOKMARK [3][-]{subsubsection.1.2.12}{Tidiness issue - 01}{subsection.1.2}% 19
\BOOKMARK [3][-]{subsubsection.1.2.13}{Tidiness issue - 02}{subsection.1.2}% 20
\BOOKMARK [2][-]{subsection.1.3}{Storing final Result.}{section.1}% 21
